T-Spice - Tanner SPICE
Version 16.30
Network license
Product Release ID: T-Spice Win64 16.30.20150626.02:41:53
Copyright © 1988-2015 Mentor Graphics Corporation

	Parsing "C:\Users\Datis\Desktop\Tamrin Narm\Tamrin 1_1\FullAdder.spc"
	Initializing parser from header file "C:\Program Files\Tanner EDA\Tanner Tools v16.3\tiburonda\models\VAdatabase.sp"
	Reading library entry "tt" from "C:\Users\Datis\Desktop\Tanner Tools v16.3\Process\Generic_250nm\Generic_250nm_Tech\Generic_250nm.lib"
	Reading library entry "GEN" from "C:\Users\Datis\Desktop\Tanner Tools v16.3\Process\Generic_250nm\Generic_250nm_Tech\Generic_250nm.lib"
	Reading library entry "GEN_LVS" from "C:\Users\Datis\Desktop\Tanner Tools v16.3\Process\Generic_250nm\Generic_250nm_Tech\Generic_250nm.lib"
	Reading library entry "Diodes" from "C:\Users\Datis\Desktop\Tanner Tools v16.3\Process\Generic_250nm\Generic_250nm_Tech\Generic_250nm.lib"
	Reading library entry "RES_CAP_GEN" from "C:\Users\Datis\Desktop\Tanner Tools v16.3\Process\Generic_250nm\Generic_250nm_Tech\Generic_250nm.lib"
	Reading library entry "SIM_SUBCIRCUITS" from "C:\Users\Datis\Desktop\Tanner Tools v16.3\Process\Generic_250nm\Generic_250nm_Tech\Generic_250nm.lib"
	Reading library entry "TT_NMOS" from "C:\Users\Datis\Desktop\Tanner Tools v16.3\Process\Generic_250nm\Generic_250nm_Tech\Generic_250nm.lib"
	Reading library entry "NMOS_MODEL" from "C:\Users\Datis\Desktop\Tanner Tools v16.3\Process\Generic_250nm\Generic_250nm_Tech\Generic_250nm.lib"
	Reading library entry "TT_PMOS" from "C:\Users\Datis\Desktop\Tanner Tools v16.3\Process\Generic_250nm\Generic_250nm_Tech\Generic_250nm.lib"
	Reading library entry "PMOS_MODEL" from "C:\Users\Datis\Desktop\Tanner Tools v16.3\Process\Generic_250nm\Generic_250nm_Tech\Generic_250nm.lib"
	Reading library entry "RES_TYP" from "C:\Users\Datis\Desktop\Tanner Tools v16.3\Process\Generic_250nm\Generic_250nm_Tech\Generic_250nm.lib"
	Reading library entry "RES_SUBCIRCUITS" from "C:\Users\Datis\Desktop\Tanner Tools v16.3\Process\Generic_250nm\Generic_250nm_Tech\Generic_250nm.lib"
	Reading library entry "CAP_TYP" from "C:\Users\Datis\Desktop\Tanner Tools v16.3\Process\Generic_250nm\Generic_250nm_Tech\Generic_250nm.lib"
	Reading library entry "CAP_SUBCIRCUITS" from "C:\Users\Datis\Desktop\Tanner Tools v16.3\Process\Generic_250nm\Generic_250nm_Tech\Generic_250nm.lib"
	Reading library entry "TT_Bipolar" from "C:\Users\Datis\Desktop\Tanner Tools v16.3\Process\Generic_250nm\Generic_250nm_Tech\Generic_250nm.lib"
	Reading library entry "Bipolars" from "C:\Users\Datis\Desktop\Tanner Tools v16.3\Process\Generic_250nm\Generic_250nm_Tech\Generic_250nm.lib"

Start of FullAdder.spc
Loaded BSIM3v33 model library, Berkeley BSIM3 v3.3.0
Loaded BSIM3v31 model library, Berkeley BSIM3 v3.1.0 with extensions
Loaded BJT model library, Gummel-Poon Bipolar with extensions

General options:
        threads = 1

 Device and node counts:
              MOSFETs -      28
    MOSFET geometries -      12
      Voltage sources -       4
   Subckt Definitions -       1
     Subckt Instances -       0
    Model Definitions -       6
      Computed Models -       2
    Independent nodes -      16
       Boundary nodes -       5
          Total nodes -      21

	Opening simulation database "C:\Users\Datis\Desktop\Tamrin Narm\Tamrin 1_1\FullAdder.tsim"

Parsing                      0.05 seconds
Setup                        0.01 seconds
Transient Analysis           0.10 seconds
Overhead                     0.54 seconds
-----------------------------------------
Total                        0.71 seconds

Simulation completed
