T-Spice - Tanner SPICE
Version 16.30
Network license
Product Release ID: T-Spice Win64 16.30.20150626.02:41:53
Copyright © 1988-2015 Mentor Graphics Corporation

	Parsing "C:\Users\Datis\Desktop\Tamrin Narm\Tamrin2\cell1.spc"
	Initializing parser from header file "C:\Program Files\Tanner EDA\Tanner Tools v16.3\tiburonda\models\VAdatabase.sp"
	Reading library entry "tt" from "C:\Users\Datis\Desktop\Tanner Tools v16.3\Process\Generic_250nm\Generic_250nm_Tech\Generic_250nm.lib"
	Reading library entry "GEN" from "C:\Users\Datis\Desktop\Tanner Tools v16.3\Process\Generic_250nm\Generic_250nm_Tech\Generic_250nm.lib"
	Reading library entry "GEN_LVS" from "C:\Users\Datis\Desktop\Tanner Tools v16.3\Process\Generic_250nm\Generic_250nm_Tech\Generic_250nm.lib"
	Reading library entry "Diodes" from "C:\Users\Datis\Desktop\Tanner Tools v16.3\Process\Generic_250nm\Generic_250nm_Tech\Generic_250nm.lib"
	Reading library entry "RES_CAP_GEN" from "C:\Users\Datis\Desktop\Tanner Tools v16.3\Process\Generic_250nm\Generic_250nm_Tech\Generic_250nm.lib"
	Reading library entry "SIM_SUBCIRCUITS" from "C:\Users\Datis\Desktop\Tanner Tools v16.3\Process\Generic_250nm\Generic_250nm_Tech\Generic_250nm.lib"
	Reading library entry "TT_NMOS" from "C:\Users\Datis\Desktop\Tanner Tools v16.3\Process\Generic_250nm\Generic_250nm_Tech\Generic_250nm.lib"
	Reading library entry "NMOS_MODEL" from "C:\Users\Datis\Desktop\Tanner Tools v16.3\Process\Generic_250nm\Generic_250nm_Tech\Generic_250nm.lib"
	Reading library entry "TT_PMOS" from "C:\Users\Datis\Desktop\Tanner Tools v16.3\Process\Generic_250nm\Generic_250nm_Tech\Generic_250nm.lib"
	Reading library entry "PMOS_MODEL" from "C:\Users\Datis\Desktop\Tanner Tools v16.3\Process\Generic_250nm\Generic_250nm_Tech\Generic_250nm.lib"
	Reading library entry "RES_TYP" from "C:\Users\Datis\Desktop\Tanner Tools v16.3\Process\Generic_250nm\Generic_250nm_Tech\Generic_250nm.lib"
	Reading library entry "RES_SUBCIRCUITS" from "C:\Users\Datis\Desktop\Tanner Tools v16.3\Process\Generic_250nm\Generic_250nm_Tech\Generic_250nm.lib"
	Reading library entry "CAP_TYP" from "C:\Users\Datis\Desktop\Tanner Tools v16.3\Process\Generic_250nm\Generic_250nm_Tech\Generic_250nm.lib"
	Reading library entry "CAP_SUBCIRCUITS" from "C:\Users\Datis\Desktop\Tanner Tools v16.3\Process\Generic_250nm\Generic_250nm_Tech\Generic_250nm.lib"
	Reading library entry "TT_Bipolar" from "C:\Users\Datis\Desktop\Tanner Tools v16.3\Process\Generic_250nm\Generic_250nm_Tech\Generic_250nm.lib"
	Reading library entry "Bipolars" from "C:\Users\Datis\Desktop\Tanner Tools v16.3\Process\Generic_250nm\Generic_250nm_Tech\Generic_250nm.lib"

Start of cell1.spc
Loaded BSIM3v33 model library, Berkeley BSIM3 v3.3.0
Loaded BSIM3v31 model library, Berkeley BSIM3 v3.1.0 with extensions
Loaded BJT model library, Gummel-Poon Bipolar with extensions
Warning : Node 1 is only attached to FET gate terminals and capacitors; DC voltage is undefined
Warning : Enabling dcstep selectively for floating nodes with capacitive connectivity

General options:
        threads = 1

 Device and node counts:
              MOSFETs -      13
    MOSFET geometries -       8
           Capacitors -       3
      Voltage sources -       4
   Subckt Definitions -       1
     Subckt Instances -       0
    Model Definitions -       6
      Computed Models -       2
    Independent nodes -       9
       Boundary nodes -       5
          Total nodes -      14
*** 2 WARNING MESSAGES GENERATED DURING SETUP


	Opening simulation database "C:\Users\Datis\Desktop\Tamrin Narm\Tamrin2\cell1.tsim"

Parsing                      0.12 seconds
Setup                        0.09 seconds
Transient Analysis           0.07 seconds
Overhead                     1.07 seconds
-----------------------------------------
Total                        1.36 seconds

Simulation completed	with  2 Warnings
